<?xml version="1.0" encoding="utf-8"?><testsuites name="pytest tests"><testsuite name="pytest" errors="0" failures="0" skipped="0" tests="15" time="5.913" timestamp="2026-09-14T15:38:20.767905+00:00" hostname="agent-env-3d8f0f5b-b59a-437d-9f7b-548397d01525"><testcase classname="tests.test_iteration2.TestPersonalSpace" name="test_unknown_kind_404" time="0.331" /><testcase classname="tests.test_iteration2.TestRoles" name="test_list_roles_exact_4" time="0.272" /><testcase classname="tests.test_iteration2.TestRoles" name="test_post_roles_removed" time="0.145" /><testcase classname="tests.test_iteration2.TestPersonalSpace" name="test_crud_all_kinds[notes]" time="0.844" /><testcase classname="tests.test_iteration2.TestRoles" name="test_delete_roles_removed" time="0.175" /><testcase classname="tests.test_iteration2.TestMemberRole" name="test_invalid_role_400" time="0.191" /><testcase classname="tests.test_iteration2.TestMemberRole" name="test_valid_role_member" time="0.144" /><testcase classname="tests.test_iteration2.TestAgendaMerge" name="test_agendas_gone" time="0.139" /><testcase classname="tests.test_iteration2.TestAgendaMerge" name="test_announcement_agenda_with_location" time="0.443" /><testcase classname="tests.test_iteration2.TestPersonalSpace" name="test_crud_all_kinds[reminders]" time="0.855" /><testcase classname="tests.test_iteration2.TestPersonalSpace" name="test_crud_all_kinds[savings]" time="0.725" /><testcase classname="tests.test_iteration2.TestPersonalSpace" name="test_crud_all_kinds[goals]" time="0.759" /><testcase classname="tests.test_iteration2.TestPersonalSpace" name="test_crud_all_kinds[finance]" time="0.667" /><testcase classname="tests.test_iteration2.TestPersonalSpace" name="test_per_user_isolation" time="0.928" /><testcase classname="tests.test_iteration2.TestPersonalSpace" name="test_requires_auth" time="0.158" /></testsuite></testsuites>