<?xml version="1.0" encoding="utf-8"?><testsuites name="pytest tests"><testsuite name="pytest" errors="0" failures="0" skipped="0" tests="8" time="2.329" timestamp="2026-09-15T05:34:24.896183+00:00" hostname="agent-env-3d8f0f5b-b59a-437d-9f7b-548397d01525"><testcase classname="tests.test_iteration3" name="test_auth_me" time="0.213" /><testcase classname="tests.test_iteration3" name="test_qris_get_and_update" time="0.269" /><testcase classname="tests.test_iteration3" name="test_target_created_recurring" time="0.132" /><testcase classname="tests.test_iteration3" name="test_target_auto_advance_past_due" time="0.078" /><testcase classname="tests.test_iteration3" name="test_target_pay_advances_and_sets_last_paid" time="0.134" /><testcase classname="tests.test_iteration3" name="test_pay_rejects_non_recurring" time="0.194" /><testcase classname="tests.test_iteration3" name="test_announcement_creates_notification" time="0.472" /><testcase classname="tests.test_iteration3" name="test_transactions_list_ok" time="0.159" /></testsuite></testsuites>